Copyright 1986-2015 Xilinx, Inc. All Rights Reserved.
-----------------------------------------------------------------------------------------
| Tool Version      : Vivado v.2015.4 (lin64) Build 1412921 Wed Nov 18 09:44:32 MST 2015
| Date              : Sat Oct  7 19:47:34 2017
| Host              : dsplab-OptiPlex-9020 running 64-bit Ubuntu 14.04.5 LTS
| Command           : report_clock_utilization -file MAIN_clock_utilization_routed.rpt
| Design            : MAIN
| Device            : 7a100t-csg324
| Speed File        : -1  PRODUCTION 1.14 2014-09-11
| Temperature Grade : C
-----------------------------------------------------------------------------------------

Clock Utilization Report

Table of Contents
-----------------
1. Clock Primitive Utilization
2. Details of Global Clocks
3. Details of Regional Clocks
4. Details of Multi-Regional Clocks
5. Details of I/O Clocks
6. Details of Local Clocks
7. Clock Regions : Key Resource Utilization
8. Net wise resources used in clock region X0Y0
9. Net wise resources used in clock region X1Y0
10. Net wise resources used in clock region X0Y1
11. Net wise resources used in clock region X1Y1

1. Clock Primitive Utilization
------------------------------

+-------+------+-----------+-----------+
| Type  | Used | Available | Num Fixed |
+-------+------+-----------+-----------+
| BUFG  |    5 |        32 |         0 |
| BUFH  |    0 |        96 |         0 |
| BUFIO |    0 |        24 |         0 |
| MMCM  |    0 |         6 |         0 |
| PLL   |    0 |         6 |         0 |
| BUFR  |    0 |        24 |         0 |
| BUFMR |    0 |        12 |         0 |
+-------+------+-----------+-----------+


2. Details of Global Clocks
---------------------------

+-------+---------------------------------------------+--------------------------+--------------+-------+
|       |                                             |                          |   Num Loads  |       |
+-------+---------------------------------------------+--------------------------+------+-------+-------+
| Index | BUFG Cell                                   | Net Name                 | BELs | Sites | Fixed |
+-------+---------------------------------------------+--------------------------+------+-------+-------+
|     1 | dbg_hub/inst/N_EXT_BSCAN.u_bufg_icon_update | dbg_hub/inst/UPDATE_temp |    1 |     1 |    no |
|     2 | NewAddress_BUFG_inst                        | NewAddress_BUFG          |   34 |    14 |    no |
|     3 | CLK_200k_Hz_BUFG_inst                       | CLK_200k_Hz_BUFG         |   37 |    19 |    no |
|     4 | dbg_hub/inst/N_EXT_BSCAN.u_bufg_icon        | dbg_hub/inst/idrck       |  271 |    64 |    no |
|     5 | CLK_50_MHz_IBUF_BUFG_inst                   | CLK_50_MHz_IBUF_BUFG     | 4764 |  1305 |    no |
+-------+---------------------------------------------+--------------------------+------+-------+-------+


3. Details of Regional Clocks
-----------------------------

4. Details of Multi-Regional Clocks
-----------------------------------

5. Details of I/O Clocks
------------------------

6. Details of Local Clocks
--------------------------

+-------+---------------------------+-------------------------------+--------------+-------+
|       |                           |                               |   Num Loads  |       |
+-------+---------------------------+-------------------------------+------+-------+-------+
| Index | Local Clk Src             | Net Name                      | BELs | Sites | Fixed |
+-------+---------------------------+-------------------------------+------+-------+-------+
|     1 | Done_changing_reg         | Done_changing                 |    1 |     1 |    no |
|     2 | Check_counter_mod_reg_i_1 | Check_counter_mod_reg_i_1_n_0 |    2 |     2 |    no |
+-------+---------------------------+-------------------------------+------+-------+-------+


7. Clock Regions : Key Resource Utilization
-------------------------------------------

+-------------------+--------------+--------------+--------------+--------------+--------------+--------------+--------------+--------------+--------------+--------------+--------------+--------------+--------------+--------------+--------------+
|                   | Global Clock |     BUFRs    |    BUFMRs    |    BUFIOs    |     MMCM     |      PLL     |      GT      |      PCI     |    ILOGIC    |    OLOGIC    |      FF      |     LUTM     |    RAMB18    |    RAMB36    |    DSP48E1   |
+-------------------+------+-------+------+-------+------+-------+------+-------+------+-------+------+-------+------+-------+------+-------+------+-------+------+-------+------+-------+------+-------+------+-------+------+-------+------+-------+
| Clock Region Name | Used | Avail | Used | Avail | Used | Avail | Used | Avail | Used | Avail | Used | Avail | Used | Avail | Used | Avail | Used | Avail | Used | Avail | Used | Avail | Used | Avail | Used | Avail | Used | Avail | Used | Avail |
+-------------------+------+-------+------+-------+------+-------+------+-------+------+-------+------+-------+------+-------+------+-------+------+-------+------+-------+------+-------+------+-------+------+-------+------+-------+------+-------+
| X0Y0              |    3 |    12 |    0 |     4 |    0 |     2 |    0 |     4 |    0 |     1 |    0 |     1 |    0 |     0 |    0 |     0 |    0 |    50 |    0 |    50 | 2244 | 20800 |  288 |  2400 |    1 |    20 |    0 |    10 |    0 |    20 |
| X1Y0              |    2 |    12 |    0 |     0 |    0 |     0 |    0 |     0 |    0 |     0 |    0 |     0 |    0 |     5 |    0 |     0 |    0 |     0 |    0 |     0 |  306 | 12000 |   88 |  2200 |    1 |    40 |    0 |    20 |    1 |    40 |
| X0Y1              |    1 |    12 |    0 |     4 |    0 |     2 |    0 |     4 |    0 |     1 |    0 |     1 |    0 |     0 |    0 |     0 |    0 |    50 |    0 |    50 | 1572 | 16000 |  367 |  2400 |    0 |    20 |    0 |    10 |    0 |    20 |
| X1Y1              |    2 |    12 |    0 |     4 |    0 |     2 |    0 |     4 |    0 |     1 |    0 |     1 |    0 |     0 |    0 |     0 |    0 |    50 |    0 |    50 |  241 | 15200 |    1 |  2600 |    0 |    60 |    0 |    30 |    0 |    40 |
| X0Y2              |    0 |    12 |    0 |     4 |    0 |     2 |    0 |     4 |    0 |     1 |    0 |     1 |    0 |     0 |    0 |     0 |    0 |    50 |    0 |    50 |    0 | 16000 |    0 |  2400 |    0 |    20 |    0 |    10 |    0 |    20 |
| X1Y2              |    0 |    12 |    0 |     4 |    0 |     2 |    0 |     4 |    0 |     1 |    0 |     1 |    0 |     0 |    0 |     0 |    0 |    50 |    0 |    50 |    0 | 15200 |    0 |  2600 |    0 |    60 |    0 |    30 |    0 |    40 |
| X0Y3              |    0 |    12 |    0 |     4 |    0 |     2 |    0 |     4 |    0 |     1 |    0 |     1 |    0 |     0 |    0 |     0 |    0 |    50 |    0 |    50 |    0 | 20800 |    0 |  2400 |    0 |    20 |    0 |    10 |    0 |    20 |
| X1Y3              |    0 |    12 |    0 |     0 |    0 |     0 |    0 |     0 |    0 |     0 |    0 |     0 |    0 |     5 |    0 |     1 |    0 |     0 |    0 |     0 |    0 | 10800 |    0 |  2000 |    0 |    30 |    0 |    15 |    0 |    40 |
+-------------------+------+-------+------+-------+------+-------+------+-------+------+-------+------+-------+------+-------+------+-------+------+-------+------+-------+------+-------+------+-------+------+-------+------+-------+------+-------+
* RAMB36 site can be used as two RAMB18/FIFO18 sites.


8. Net wise resources used in clock region X0Y0
-----------------------------------------------

+-------------+--------------+-------+-----------+----------+---------+-----------+---------+---------+------+-------+----------+--------------------------+
| Source Type | BUFHCE Site  | Fixed | MMCM Pins | PLL Pins | GT Pins | BRAM Pins | ILOGICs | OLOGICs |  FFs | LUTMs | DSP48E1s |      Clock Net Name      |
+-------------+--------------+-------+-----------+----------+---------+-----------+---------+---------+------+-------+----------+--------------------------+
| BUFG        | BUFHCE_X0Y10 |   no  |         0 |        0 |       0 |         0 |       0 |       0 |    1 |     0 |        0 | dbg_hub/inst/UPDATE_temp |
| BUFG        | BUFHCE_X0Y8  |   no  |         0 |        0 |       0 |         0 |       0 |       0 |  247 |    24 |        0 | dbg_hub/inst/idrck       |
| BUFG        | BUFHCE_X0Y9  |   no  |         0 |        0 |       0 |         2 |       0 |       0 | 1996 |   264 |        0 | CLK_50_MHz_IBUF_BUFG     |
+-------------+--------------+-------+-----------+----------+---------+-----------+---------+---------+------+-------+----------+--------------------------+


9. Net wise resources used in clock region X1Y0
-----------------------------------------------

+-------------+-------------+-------+-----------+----------+---------+-----------+---------+---------+-----+-------+----------+----------------------+
| Source Type | BUFHCE Site | Fixed | MMCM Pins | PLL Pins | GT Pins | BRAM Pins | ILOGICs | OLOGICs | FFs | LUTMs | DSP48E1s |    Clock Net Name    |
+-------------+-------------+-------+-----------+----------+---------+-----------+---------+---------+-----+-------+----------+----------------------+
| BUFG        | BUFHCE_X1Y8 |   no  |         0 |        0 |       0 |         0 |       0 |       0 |  36 |     0 |        0 | CLK_200k_Hz_BUFG     |
| BUFG        | BUFHCE_X1Y9 |   no  |         0 |        0 |       0 |         2 |       0 |       0 | 270 |    88 |        0 | CLK_50_MHz_IBUF_BUFG |
+-------------+-------------+-------+-----------+----------+---------+-----------+---------+---------+-----+-------+----------+----------------------+


10. Net wise resources used in clock region X0Y1
------------------------------------------------

+-------------+--------------+-------+-----------+----------+---------+-----------+---------+---------+------+-------+----------+----------------------+
| Source Type | BUFHCE Site  | Fixed | MMCM Pins | PLL Pins | GT Pins | BRAM Pins | ILOGICs | OLOGICs |  FFs | LUTMs | DSP48E1s |    Clock Net Name    |
+-------------+--------------+-------+-----------+----------+---------+-----------+---------+---------+------+-------+----------+----------------------+
| BUFG        | BUFHCE_X0Y20 |   no  |         0 |        0 |       0 |         0 |       0 |       0 | 1572 |   367 |        0 | CLK_50_MHz_IBUF_BUFG |
+-------------+--------------+-------+-----------+----------+---------+-----------+---------+---------+------+-------+----------+----------------------+


11. Net wise resources used in clock region X1Y1
------------------------------------------------

+-------------+--------------+-------+-----------+----------+---------+-----------+---------+---------+-----+-------+----------+----------------------+
| Source Type | BUFHCE Site  | Fixed | MMCM Pins | PLL Pins | GT Pins | BRAM Pins | ILOGICs | OLOGICs | FFs | LUTMs | DSP48E1s |    Clock Net Name    |
+-------------+--------------+-------+-----------+----------+---------+-----------+---------+---------+-----+-------+----------+----------------------+
| BUFG        | BUFHCE_X1Y20 |   no  |         0 |        0 |       0 |         0 |       0 |       0 |   1 |     0 |        0 | CLK_200k_Hz_BUFG     |
| BUFG        | BUFHCE_X1Y21 |   no  |         0 |        0 |       0 |         0 |       0 |       0 | 204 |     1 |        0 | CLK_50_MHz_IBUF_BUFG |
+-------------+--------------+-------+-----------+----------+---------+-----------+---------+---------+-----+-------+----------+----------------------+



# Location of BUFG Primitives 
set_property LOC BUFGCTRL_X0Y1 [get_cells CLK_200k_Hz_BUFG_inst]
set_property LOC BUFGCTRL_X0Y16 [get_cells CLK_50_MHz_IBUF_BUFG_inst]
set_property LOC BUFGCTRL_X0Y2 [get_cells NewAddress_BUFG_inst]
set_property LOC BUFGCTRL_X0Y3 [get_cells dbg_hub/inst/N_EXT_BSCAN.u_bufg_icon_update]
set_property LOC BUFGCTRL_X0Y0 [get_cells dbg_hub/inst/N_EXT_BSCAN.u_bufg_icon]

# Location of IO Clock Primitives

# Location of MMCM Clock Primitives

# Location of BUFH Clock Primitives

# Location of BUFR Clock Primitives

# Location of BUFMR Clock Primitives

# Location of PLL Clock Primitives

# Location of IO Primitives which is load of clock spine

# Location of clock ports
set_property LOC IOB_X1Y126 [get_ports CLK_50_MHz]

# Clock net "CLK_200k_Hz_BUFG" driven by instance "CLK_200k_Hz_BUFG_inst" located at site "BUFGCTRL_X0Y1"
#startgroup
create_pblock {CLKAG_CLK_200k_Hz_BUFG}
add_cells_to_pblock [get_pblocks  {CLKAG_CLK_200k_Hz_BUFG}] [get_cells -filter { PRIMITIVE_GROUP != I/O && IS_PRIMITIVE==1 && PRIMITIVE_LEVEL !=INTERNAL } -of_object [get_pins -filter {DIRECTION==IN} -of_objects [get_nets -hierarchical -filter {PARENT=="CLK_200k_Hz_BUFG"}]]]
resize_pblock [get_pblocks {CLKAG_CLK_200k_Hz_BUFG}] -add {CLOCKREGION_X1Y0:CLOCKREGION_X1Y0 CLOCKREGION_X1Y1:CLOCKREGION_X1Y1}
#endgroup

# Clock net "CLK_50_MHz_IBUF_BUFG" driven by instance "CLK_50_MHz_IBUF_BUFG_inst" located at site "BUFGCTRL_X0Y16"
#startgroup
create_pblock {CLKAG_CLK_50_MHz_IBUF_BUFG}
add_cells_to_pblock [get_pblocks  {CLKAG_CLK_50_MHz_IBUF_BUFG}] [get_cells -filter { PRIMITIVE_GROUP != I/O && IS_PRIMITIVE==1 && PRIMITIVE_LEVEL !=INTERNAL } -of_object [get_pins -filter {DIRECTION==IN} -of_objects [get_nets -hierarchical -filter {PARENT=="CLK_50_MHz_IBUF_BUFG"}]]]
resize_pblock [get_pblocks {CLKAG_CLK_50_MHz_IBUF_BUFG}] -add {CLOCKREGION_X0Y0:CLOCKREGION_X0Y0 CLOCKREGION_X0Y1:CLOCKREGION_X0Y1 CLOCKREGION_X1Y0:CLOCKREGION_X1Y0 CLOCKREGION_X1Y1:CLOCKREGION_X1Y1}
#endgroup

# Clock net "Check_counter_mod_reg_i_1_n_0" driven by instance "Check_counter_mod_reg_i_1" located at site "SLICE_X71Y83"
#startgroup
create_pblock {CLKAG_Check_counter_mod_reg_i_1_n_0}
add_cells_to_pblock [get_pblocks  {CLKAG_Check_counter_mod_reg_i_1_n_0}] [get_cells -filter { PRIMITIVE_GROUP != I/O && IS_PRIMITIVE==1 && PRIMITIVE_LEVEL !=INTERNAL } -of_object [get_pins -filter {DIRECTION==IN} -of_objects [get_nets -hierarchical -filter {PARENT=="Check_counter_mod_reg_i_1_n_0"}]]]
resize_pblock [get_pblocks {CLKAG_Check_counter_mod_reg_i_1_n_0}] -add {CLOCKREGION_X1Y1:CLOCKREGION_X1Y1}
#endgroup

# Clock net "Done_changing" driven by instance "Done_changing_reg" located at site "SLICE_X64Y68"
#startgroup
create_pblock {CLKAG_Done_changing}
add_cells_to_pblock [get_pblocks  {CLKAG_Done_changing}] [get_cells -filter { PRIMITIVE_GROUP != I/O && IS_PRIMITIVE==1 && PRIMITIVE_LEVEL !=INTERNAL } -of_object [get_pins -filter {DIRECTION==IN} -of_objects [get_nets -hierarchical -filter {PARENT=="Done_changing"}]]]
resize_pblock [get_pblocks {CLKAG_Done_changing}] -add {CLOCKREGION_X1Y1:CLOCKREGION_X1Y1}
#endgroup

# Clock net "NewAddress_BUFG" driven by instance "NewAddress_BUFG_inst" located at site "BUFGCTRL_X0Y2"
#startgroup
create_pblock {CLKAG_NewAddress_BUFG}
add_cells_to_pblock [get_pblocks  {CLKAG_NewAddress_BUFG}] [get_cells -filter { PRIMITIVE_GROUP != I/O && IS_PRIMITIVE==1 && PRIMITIVE_LEVEL !=INTERNAL } -of_object [get_pins -filter {DIRECTION==IN} -of_objects [get_nets -hierarchical -filter {PARENT=="NewAddress_BUFG"}]]]
resize_pblock [get_pblocks {CLKAG_NewAddress_BUFG}] -add {CLOCKREGION_X1Y1:CLOCKREGION_X1Y1}
#endgroup

# Clock net "dbg_hub/inst/UPDATE_temp" driven by instance "dbg_hub/inst/N_EXT_BSCAN.u_bufg_icon_update" located at site "BUFGCTRL_X0Y3"
#startgroup
create_pblock {CLKAG_dbg_hub/inst/UPDATE_temp}
add_cells_to_pblock [get_pblocks  {CLKAG_dbg_hub/inst/UPDATE_temp}] [get_cells -filter { PRIMITIVE_GROUP != I/O && IS_PRIMITIVE==1 && PRIMITIVE_LEVEL !=INTERNAL } -of_object [get_pins -filter {DIRECTION==IN} -of_objects [get_nets -hierarchical -filter {PARENT=="dbg_hub/inst/UPDATE_temp"}]]]
resize_pblock [get_pblocks {CLKAG_dbg_hub/inst/UPDATE_temp}] -add {CLOCKREGION_X0Y0:CLOCKREGION_X0Y0}
#endgroup

# Clock net "dbg_hub/inst/idrck" driven by instance "dbg_hub/inst/N_EXT_BSCAN.u_bufg_icon" located at site "BUFGCTRL_X0Y0"
#startgroup
create_pblock {CLKAG_dbg_hub/inst/idrck}
add_cells_to_pblock [get_pblocks  {CLKAG_dbg_hub/inst/idrck}] [get_cells -filter { PRIMITIVE_GROUP != I/O && IS_PRIMITIVE==1 && PRIMITIVE_LEVEL !=INTERNAL } -of_object [get_pins -filter {DIRECTION==IN} -of_objects [get_nets -hierarchical -filter {PARENT=="dbg_hub/inst/idrck"}]]]
resize_pblock [get_pblocks {CLKAG_dbg_hub/inst/idrck}] -add {CLOCKREGION_X0Y0:CLOCKREGION_X0Y0}
#endgroup
